<?xml version="1.0" encoding="UTF-8"?>
<testng-results ignored="0" total="1" passed="0" failed="1" skipped="0">
  <reporter-output>
  </reporter-output>
  <suite started-at="2023-06-05T12:26:25 IST" name="Default suite" finished-at="2023-06-05T12:26:49 IST" duration-ms="23856">
    <groups>
      <group name="cucumber">
        <method signature="AbstractTestNGCucumberTests.runScenario(io.cucumber.testng.PickleWrapper,io.cucumber.testng.FeatureWrapper)[pri:0, instance:Runner.TestRun@576d5deb]" name="runScenario" class="io.cucumber.testng.AbstractTestNGCucumberTests"/>
      </group> <!-- cucumber -->
    </groups>
    <test started-at="2023-06-05T12:26:25 IST" name="Default test" finished-at="2023-06-05T12:26:49 IST" duration-ms="23856">
      <class name="Runner.TestRun">
        <test-method is-config="true" signature="setUpClass(org.testng.ITestContext)[pri:0, instance:Runner.TestRun@576d5deb]" started-at="2023-06-05T12:26:25 IST" name="setUpClass" finished-at="2023-06-05T12:26:26 IST" duration-ms="690" status="PASS">
          <params>
            <param index="0">
              <value>
                <![CDATA[org.testng.TestRunner@2539cd1c]]>
              </value>
            </param>
          </params>
          <reporter-output>
          </reporter-output>
        </test-method> <!-- setUpClass -->
        <test-method signature="runScenario(io.cucumber.testng.PickleWrapper,io.cucumber.testng.FeatureWrapper)[pri:0, instance:Runner.TestRun@576d5deb]" started-at="2023-06-05T12:26:26 IST" name="runScenario" description="Runs Cucumber Scenarios" data-provider="scenarios" finished-at="2023-06-05T12:26:48 IST" duration-ms="21585" status="FAIL">
          <params>
            <param index="0">
              <value>
                <![CDATA["Register the General store Application"]]>
              </value>
            </param>
            <param index="1">
              <value>
                <![CDATA["General Store Application"]]>
              </value>
            </param>
          </params>
          <exception class="org.openqa.selenium.SessionNotCreatedException">
            <message>
              <![CDATA[Could not start a new session. Response code 500. Message: An unknown server-side error occurred while processing the command. Original error: Could not find a connected Android device in 20046ms. 
Host info: host: 'QT-INBG-LT0847', ip: '10.20.201.14'
Build info: version: '4.9.1', revision: 'eb2032df7f'
System info: os.name: 'Windows 11', os.arch: 'amd64', os.version: '10.0', java.version: '17.0.5'
Driver info: io.appium.java_client.android.AndroidDriver
Command: [null, newSession {capabilities=[{appium:appActivity=com.androidsample.generalstore.MainActivity, appium:appPackage=com.androidsample.generalstore, appium:automationName=UiAutomator2, appium:deviceName=motorola one macro, platformName=ANDROID, appium:platformVersion=10, appium:udid=ZF652253BB}], desiredCapabilities=Capabilities {appActivity: com.androidsample.generalst..., appPackage: com.androidsample.generalstore, automationName: UiAutomator2, deviceName: motorola one macro, platformName: ANDROID, platformVersion: 10, udid: ZF652253BB}}]
Capabilities {appActivity: com.androidsample.generalst..., appPackage: com.androidsample.generalstore, automationName: UiAutomator2, deviceName: motorola one macro, platformName: ANDROID, platformVersion: 10, udid: ZF652253BB}]]>
            </message>
            <full-stacktrace>
              <![CDATA[org.openqa.selenium.SessionNotCreatedException: Could not start a new session. Response code 500. Message: An unknown server-side error occurred while processing the command. Original error: Could not find a connected Android device in 20046ms. 
Host info: host: 'QT-INBG-LT0847', ip: '10.20.201.14'
Build info: version: '4.9.1', revision: 'eb2032df7f'
System info: os.name: 'Windows 11', os.arch: 'amd64', os.version: '10.0', java.version: '17.0.5'
Driver info: io.appium.java_client.android.AndroidDriver
Command: [null, newSession {capabilities=[{appium:appActivity=com.androidsample.generalstore.MainActivity, appium:appPackage=com.androidsample.generalstore, appium:automationName=UiAutomator2, appium:deviceName=motorola one macro, platformName=ANDROID, appium:platformVersion=10, appium:udid=ZF652253BB}], desiredCapabilities=Capabilities {appActivity: com.androidsample.generalst..., appPackage: com.androidsample.generalstore, automationName: UiAutomator2, deviceName: motorola one macro, platformName: ANDROID, platformVersion: 10, udid: ZF652253BB}}]
Capabilities {appActivity: com.androidsample.generalst..., appPackage: com.androidsample.generalstore, automationName: UiAutomator2, deviceName: motorola one macro, platformName: ANDROID, platformVersion: 10, udid: ZF652253BB}
at org.openqa.selenium.remote.ProtocolHandshake.createSession(ProtocolHandshake.java:136)
at java.base/jdk.internal.reflect.NativeMethodAccessorImpl.invoke0(Native Method)
at java.base/jdk.internal.reflect.NativeMethodAccessorImpl.invoke(NativeMethodAccessorImpl.java:77)
at java.base/jdk.internal.reflect.DelegatingMethodAccessorImpl.invoke(DelegatingMethodAccessorImpl.java:43)
at java.base/java.lang.reflect.Method.invoke(Method.java:568)
at io.appium.java_client.remote.AppiumProtocolHandshake.createSession(AppiumProtocolHandshake.java:133)
at io.appium.java_client.remote.AppiumProtocolHandshake.createSession(AppiumProtocolHandshake.java:102)
at io.appium.java_client.remote.AppiumCommandExecutor.createSession(AppiumCommandExecutor.java:182)
at io.appium.java_client.remote.AppiumCommandExecutor.execute(AppiumCommandExecutor.java:250)
at org.openqa.selenium.remote.RemoteWebDriver.execute(RemoteWebDriver.java:543)
at io.appium.java_client.AppiumDriver.startSession(AppiumDriver.java:274)
at org.openqa.selenium.remote.RemoteWebDriver.<init>(RemoteWebDriver.java:157)
at io.appium.java_client.AppiumDriver.<init>(AppiumDriver.java:89)
at io.appium.java_client.AppiumDriver.<init>(AppiumDriver.java:101)
at io.appium.java_client.android.AndroidDriver.<init>(AndroidDriver.java:113)
at CommonUtils.CommonUtils.launchBrowser(CommonUtils.java:92)
at Common_step_def.Common_Step_Definition.beforeScenario(Common_Step_Definition.java:35)
]]>
            </full-stacktrace>
          </exception> <!-- org.openqa.selenium.SessionNotCreatedException -->
          <reporter-output>
          </reporter-output>
        </test-method> <!-- runScenario -->
        <test-method is-config="true" signature="tearDownClass()[pri:0, instance:Runner.TestRun@576d5deb]" started-at="2023-06-05T12:26:48 IST" name="tearDownClass" finished-at="2023-06-05T12:26:49 IST" duration-ms="1545" status="PASS">
          <reporter-output>
          </reporter-output>
        </test-method> <!-- tearDownClass -->
      </class> <!-- Runner.TestRun -->
    </test> <!-- Default test -->
  </suite> <!-- Default suite -->
</testng-results>
