<?xml version="1.0" encoding="UTF-8"?>
<testng-results ignored="0" total="2" passed="2" failed="0" skipped="0">
  <reporter-output>
  </reporter-output>
  <suite started-at="2023-06-26T21:58:22 IST" name="Default suite" finished-at="2023-06-26T21:58:48 IST" duration-ms="26589">
    <groups>
    </groups>
    <test started-at="2023-06-26T21:58:22 IST" name="Default test" finished-at="2023-06-26T21:58:48 IST" duration-ms="26589">
      <class name="Selendriod.selendriodTest">
        <test-method is-config="true" signature="OpenApp()[pri:0, instance:Selendriod.selendriodTest@53aac487]" started-at="2023-06-26T21:58:22 IST" name="OpenApp" finished-at="2023-06-26T21:58:37 IST" duration-ms="14789" status="PASS">
          <reporter-output>
          </reporter-output>
        </test-method> <!-- OpenApp -->
        <test-method signature="Display_ToastMSG()[pri:0, instance:Selendriod.selendriodTest@53aac487]" started-at="2023-06-26T21:58:37 IST" name="Display_ToastMSG" finished-at="2023-06-26T21:58:38 IST" duration-ms="1169" status="PASS">
          <reporter-output>
          </reporter-output>
        </test-method> <!-- Display_ToastMSG -->
        <test-method signature="register_User()[pri:0, instance:Selendriod.selendriodTest@53aac487]" started-at="2023-06-26T21:58:38 IST" name="register_User" finished-at="2023-06-26T21:58:48 IST" duration-ms="10063" status="PASS">
          <reporter-output>
          </reporter-output>
        </test-method> <!-- register_User -->
        <test-method is-config="true" signature="QuitApp()[pri:0, instance:Selendriod.selendriodTest@53aac487]" started-at="2023-06-26T21:58:48 IST" name="QuitApp" finished-at="2023-06-26T21:58:48 IST" duration-ms="507" status="PASS">
          <reporter-output>
          </reporter-output>
        </test-method> <!-- QuitApp -->
      </class> <!-- Selendriod.selendriodTest -->
    </test> <!-- Default test -->
  </suite> <!-- Default suite -->
</testng-results>
